#
# A fatal error has been detected by the Java Runtime Environment:
#
#  EXCEPTION_ACCESS_VIOLATION (0xc0000005) at pc=0x000000005de6a070, pid=7216, tid=0x00000000000008b8
#
# JRE version: OpenJDK Runtime Environment (8.0_112-b06) (build 1.8.0_112-release-b06)
# Java VM: OpenJDK 64-Bit Server VM (25.112-b06 mixed mode windows-amd64 compressed oops)
# Problematic frame:
# V  [jvm.dll+0x8a070]
#
# Failed to write core dump. Minidumps are not enabled by default on client versions of Windows
#
# If you would like to submit a bug report, please visit:
#   http://bugreport.java.com/bugreport/crash.jsp
#

---------------  T H R E A D  ---------------

Current thread (0x0000000002074000):  GCTaskThread [stack: 0x00000000121a0000,0x00000000122a0000] [id=2232]

siginfo: ExceptionCode=0xc0000005, reading address 0x0000000020155a1e

Registers:
RAX=0x00000000122a0000, RBX=0x00000000e6abe709, RCX=0x00000000e6abe709, RDX=0x0000000020155a16
RSP=0x000000001229fbb8, RBP=0x0000000002127b90, RSI=0x00000000e6ad5a34, RDI=0x00000000e6abe709
R8 =0x00000000002355f3, R9 =0x0000000000000000, R10=0x000000000000000c, R11=0x0000000000000000
R12=0x00000000e6ad5a38, R13=0x0000000000000004, R14=0x00000000e6ad5a18, R15=0x0000000000000004
RIP=0x000000005de6a070, EFLAGS=0x0000000000010202

Top of Stack: (sp=0x000000001229fbb8)
0x000000001229fbb8:   000000005dec51f7 00000000e6ad5a18
0x000000001229fbc8:   000000005e1a5ef8 000000005e5a18f0
0x000000001229fbd8:   0000000000000004 00000000e6abe709
0x000000001229fbe8:   000000005def42ea 0000000000000a98
0x000000001229fbf8:   000000005decea86 00000000e6ad5a18
0x000000001229fc08:   00000000e6ad5a10 0000000002127b90
0x000000001229fc18:   000000005def43f3 0000000000000000
0x000000001229fc28:   00000000020748f0 0000000002072fb0
0x000000001229fc38:   000000001229fd69 0000000000000a98
0x000000001229fc48:   000000005e1a1fc0 0000000002127b90
0x000000001229fc58:   0000000002127b90 000000005e3f2168
0x000000001229fc68:   000000005e3f2168 00000000561c0268
0x000000001229fc78:   000000001229fd69 0000000000000000
0x000000001229fc88:   0000000000000004 0000000002127b90
0x000000001229fc98:   000000005decd0b2 00000000a0252958
0x000000001229fca8:   000000005e1ab688 00000000a18670f8 

Instructions: (pc=0x000000005de6a070)
0x000000005de6a050:   1c 42 1d 00 48 8b 9c 24 c0 00 00 00 48 81 c4 b0
0x000000005de6a060:   00 00 00 5d c3 cc cc cc cc cc cc cc cc cc cc cc
0x000000005de6a070:   44 8b 42 08 4c 8b ca 45 85 c0 7e 0e 41 f6 c0 01
0x000000005de6a080:   75 57 41 c1 f8 03 41 8b c0 c3 79 4d 80 3d de d7 


Register to memory mapping:

RAX=0x00000000122a0000 is an unknown value
RBX=0x00000000e6abe709 is an unknown value
RCX=0x00000000e6abe709 is an unknown value
RDX=0x0000000020155a16 is an unknown value
RSP=0x000000001229fbb8 is an unknown value
RBP=0x0000000002127b90 is an unknown value
RSI=0x00000000e6ad5a34 is an unknown value
RDI=0x00000000e6abe709 is an unknown value
R8 =0x00000000002355f3 is an unknown value
R9 =0x0000000000000000 is an unknown value
R10=0x000000000000000c is an unknown value
R11=0x0000000000000000 is an unknown value
R12=0x00000000e6ad5a38 is an oop
com.google.common.cache.LocalCache$StrongValueReference 
 - klass: 'com/google/common/cache/LocalCache$StrongValueReference'
R13=0x0000000000000004 is an unknown value
R14=0x00000000e6ad5a18 is an oop
[Ljava.lang.String; 
 - klass: 'java/lang/String'[]
 - length: 4
R15=0x0000000000000004 is an unknown value


Stack: [0x00000000121a0000,0x00000000122a0000],  sp=0x000000001229fbb8,  free space=1022k
Native frames: (J=compiled Java code, j=interpreted, Vv=VM code, C=native code)
V  [jvm.dll+0x8a070]


---------------  P R O C E S S  ---------------

Java Threads: ( => current thread )
  0x0000000058c73800 JavaThread "Cache update executor" [_thread_blocked, id=4792, stack(0x0000000060f50000,0x0000000061050000)]
  0x0000000058c73000 JavaThread "Stdin handler" [_thread_blocked, id=6892, stack(0x0000000060b90000,0x0000000060c90000)]
  0x0000000059135000 JavaThread "Asynchronous log dispatcher for DefaultDaemonConnection: socket connection from /127.0.0.1:56496 to /127.0.0.1:57558" [_thread_blocked, id=7596, stack(0x0000000059f20000,0x000000005a020000)]
  0x0000000059134000 JavaThread "Daemon worker Thread 2" [_thread_blocked, id=6360, stack(0x000000005e710000,0x000000005e810000)]
  0x0000000059133800 JavaThread "Cancel handler" [_thread_blocked, id=7108, stack(0x000000005a2d0000,0x000000005a3d0000)]
  0x0000000059132000 JavaThread "Handler for socket connection from /127.0.0.1:56496 to /127.0.0.1:57558" [_thread_in_native, id=6472, stack(0x0000000059d70000,0x0000000059e70000)]
  0x0000000059131000 JavaThread "Daemon Thread 2" [_thread_blocked, id=3996, stack(0x0000000059be0000,0x0000000059ce0000)]
  0x0000000059130800 JavaThread "pool-2-thread-1" [_thread_blocked, id=7940, stack(0x000000005d650000,0x000000005d750000)]
  0x000000005912e000 JavaThread "File lock request listener" [_thread_in_native, id=8120, stack(0x000000005d0c0000,0x000000005d1c0000)]
  0x000000005882b000 JavaThread "pool-1-thread-1" [_thread_blocked, id=5828, stack(0x0000000059320000,0x0000000059420000)]
  0x00000000587a3000 JavaThread "Incoming local TCP Connector on port 56496" [_thread_in_native, id=804, stack(0x00000000597e0000,0x00000000598e0000)]
  0x00000000571f0800 JavaThread "Service Thread" daemon [_thread_blocked, id=6972, stack(0x0000000057690000,0x0000000057790000)]
  0x0000000055f92800 JavaThread "C1 CompilerThread1" daemon [_thread_blocked, id=108, stack(0x0000000056f70000,0x0000000057070000)]
  0x0000000055f32800 JavaThread "C2 CompilerThread0" daemon [_thread_blocked, id=940, stack(0x00000000570f0000,0x00000000571f0000)]
  0x0000000055f43000 JavaThread "Attach Listener" daemon [_thread_blocked, id=6380, stack(0x0000000056d10000,0x0000000056e10000)]
  0x0000000055f41800 JavaThread "Signal Dispatcher" daemon [_thread_blocked, id=4100, stack(0x0000000056e10000,0x0000000056f10000)]
  0x0000000055f1c000 JavaThread "Finalizer" daemon [_thread_blocked, id=3116, stack(0x0000000056bf0000,0x0000000056cf0000)]
  0x0000000055ed3000 JavaThread "Reference Handler" daemon [_thread_blocked, id=7272, stack(0x0000000056a70000,0x0000000056b70000)]
  0x0000000001c1e000 JavaThread "main" [_thread_blocked, id=5464, stack(0x0000000002480000,0x0000000002580000)]

Other Threads:
  0x0000000055ecb000 VMThread [stack: 0x00000000568f0000,0x00000000569f0000] [id=1676]
  0x00000000571f2000 WatcherThread [stack: 0x0000000057810000,0x0000000057910000] [id=5808]

=>0x0000000002074000 (exited) GCTaskThread [stack: 0x00000000121a0000,0x00000000122a0000] [id=2232]

VM state:at safepoint (normal execution)

VM Mutex/Monitor currently owned by a thread:  ([mutex/lock_event])
[0x0000000001c1c3e0] Threads_lock - owner thread: 0x0000000055ecb000
[0x0000000001c1c8e0] Heap_lock - owner thread: 0x0000000059134000

Heap:
 PSYoungGen      total 113152K, used 20479K [0x00000000e0000000, 0x00000000e9d00000, 0x0000000100000000)
  eden space 92672K, 0% used [0x00000000e0000000,0x00000000e0000000,0x00000000e5a80000)
  from space 20480K, 99% used [0x00000000e5a80000,0x00000000e6e7fe58,0x00000000e6e80000)
  to   space 24064K, 0% used [0x00000000e8580000,0x00000000e8580000,0x00000000e9d00000)
 ParOldGen       total 111104K, used 26106K [0x00000000a0000000, 0x00000000a6c80000, 0x00000000e0000000)
  object space 111104K, 23% used [0x00000000a0000000,0x00000000a197e9e8,0x00000000a6c80000)
 Metaspace       used 57357K, capacity 59038K, committed 59136K, reserved 1099776K
  class space    used 7553K, capacity 7876K, committed 7936K, reserved 1048576K

Card table byte_map: [0x0000000011c10000,0x0000000011f20000] byte_map_base: 0x0000000011710000

Marking Bits: (ParMarkBitMap*) 0x000000005e5a18f0
 Begin Bits: [0x00000000122a0000, 0x0000000013aa0000)
 End Bits:   [0x0000000013aa0000, 0x00000000152a0000)

Polling page: 0x0000000000340000

CodeCache: size=245760Kb used=24479Kb max_used=24479Kb free=221280Kb
 bounds [0x0000000002850000, 0x0000000004060000, 0x0000000011850000]
 total_blobs=8013 nmethods=7231 adapters=695
 compilation: enabled

Compilation events (10 events):
Event: 266.102 Thread 0x0000000055f92800 8488       3       org.gradle.api.internal.file.pattern.PatternMatcherFactory$PathMatcherBackedSpec::isSatisfiedBy (9 bytes)
Event: 266.102 Thread 0x0000000055f92800 nmethod 8488 0x000000000404f850 code [0x000000000404f9c0, 0x000000000404fc28]
Event: 266.103 Thread 0x0000000055f92800 8489       3       org.gradle.api.internal.file.pattern.PatternMatcherFactory$PathMatcherBackedSpec::isSatisfiedBy (44 bytes)
Event: 266.103 Thread 0x0000000055f92800 nmethod 8489 0x000000000404f1d0 code [0x000000000404f360, 0x000000000404f718]
Event: 266.150 Thread 0x0000000055f92800 8490   !   3       java.util.Collections$SynchronizedCollection::add (25 bytes)
Event: 266.150 Thread 0x0000000055f92800 nmethod 8490 0x000000000404eb50 code [0x000000000404ecc0, 0x000000000404f068]
Event: 266.184 Thread 0x0000000055f92800 8491       3       java.util.EnumSet::of (16 bytes)
Event: 266.185 Thread 0x0000000055f92800 nmethod 8491 0x000000000404e350 code [0x000000000404e4e0, 0x000000000404e9a8]
Event: 266.243 Thread 0x0000000055f92800 8492       3       com.sun.tools.javac.main.Option::matches (130 bytes)
Event: 266.244 Thread 0x0000000055f92800 nmethod 8492 0x0000000004052510 code [0x0000000004052720, 0x0000000004053358]

GC Heap History (10 events):
Event: 37.740 GC heap after
Heap after GC invocations=13 (full 2):
 PSYoungGen      total 79872K, used 9670K [0x00000000e0000000, 0x00000000e6600000, 0x0000000100000000)
  eden space 68608K, 0% used [0x00000000e0000000,0x00000000e0000000,0x00000000e4300000)
  from space 11264K, 85% used [0x00000000e4300000,0x00000000e4c719e8,0x00000000e4e00000)
  to   space 11776K, 0% used [0x00000000e5a80000,0x00000000e5a80000,0x00000000e6600000)
 ParOldGen       total 111104K, used 15062K [0x00000000a0000000, 0x00000000a6c80000, 0x00000000e0000000)
  object space 111104K, 13% used [0x00000000a0000000,0x00000000a0eb5a88,0x00000000a6c80000)
 Metaspace       used 43651K, capacity 44512K, committed 44800K, reserved 1087488K
  class space    used 5840K, capacity 6069K, committed 6144K, reserved 1048576K
}
Event: 45.627 GC heap before
{Heap before GC invocations=14 (full 2):
 PSYoungGen      total 79872K, used 78278K [0x00000000e0000000, 0x00000000e6600000, 0x0000000100000000)
  eden space 68608K, 100% used [0x00000000e0000000,0x00000000e4300000,0x00000000e4300000)
  from space 11264K, 85% used [0x00000000e4300000,0x00000000e4c719e8,0x00000000e4e00000)
  to   space 11776K, 0% used [0x00000000e5a80000,0x00000000e5a80000,0x00000000e6600000)
 ParOldGen       total 111104K, used 15062K [0x00000000a0000000, 0x00000000a6c80000, 0x00000000e0000000)
  object space 111104K, 13% used [0x00000000a0000000,0x00000000a0eb5a88,0x00000000a6c80000)
 Metaspace       used 48821K, capacity 50054K, committed 50176K, reserved 1093632K
  class space    used 6562K, capacity 6864K, committed 6912K, reserved 1048576K
Event: 45.702 GC heap after
Heap after GC invocations=14 (full 2):
 PSYoungGen      total 90112K, used 11758K [0x00000000e0000000, 0x00000000e6c00000, 0x0000000100000000)
  eden space 78336K, 0% used [0x00000000e0000000,0x00000000e0000000,0x00000000e4c80000)
  from space 11776K, 99% used [0x00000000e5a80000,0x00000000e65fbaf0,0x00000000e6600000)
  to   space 14336K, 0% used [0x00000000e4c80000,0x00000000e4c80000,0x00000000e5a80000)
 ParOldGen       total 111104K, used 18105K [0x00000000a0000000, 0x00000000a6c80000, 0x00000000e0000000)
  object space 111104K, 16% used [0x00000000a0000000,0x00000000a11ae7b8,0x00000000a6c80000)
 Metaspace       used 48821K, capacity 50054K, committed 50176K, reserved 1093632K
  class space    used 6562K, capacity 6864K, committed 6912K, reserved 1048576K
}
Event: 51.139 GC heap before
{Heap before GC invocations=15 (full 2):
 PSYoungGen      total 90112K, used 90094K [0x00000000e0000000, 0x00000000e6c00000, 0x0000000100000000)
  eden space 78336K, 100% used [0x00000000e0000000,0x00000000e4c80000,0x00000000e4c80000)
  from space 11776K, 99% used [0x00000000e5a80000,0x00000000e65fbaf0,0x00000000e6600000)
  to   space 14336K, 0% used [0x00000000e4c80000,0x00000000e4c80000,0x00000000e5a80000)
 ParOldGen       total 111104K, used 18105K [0x00000000a0000000, 0x00000000a6c80000, 0x00000000e0000000)
  object space 111104K, 16% used [0x00000000a0000000,0x00000000a11ae7b8,0x00000000a6c80000)
 Metaspace       used 53239K, capacity 54776K, committed 54912K, reserved 1097728K
  class space    used 7180K, capacity 7515K, committed 7552K, reserved 1048576K
Event: 51.204 GC heap after
Heap after GC invocations=15 (full 2):
 PSYoungGen      total 92672K, used 14335K [0x00000000e0000000, 0x00000000e8000000, 0x0000000100000000)
  eden space 78336K, 0% used [0x00000000e0000000,0x00000000e0000000,0x00000000e4c80000)
  from space 14336K, 99% used [0x00000000e4c80000,0x00000000e5a7fe28,0x00000000e5a80000)
  to   space 17920K, 0% used [0x00000000e6e80000,0x00000000e6e80000,0x00000000e8000000)
 ParOldGen       total 111104K, used 23452K [0x00000000a0000000, 0x00000000a6c80000, 0x00000000e0000000)
  object space 111104K, 21% used [0x00000000a0000000,0x00000000a16e7040,0x00000000a6c80000)
 Metaspace       used 53239K, capacity 54776K, committed 54912K, reserved 1097728K
  class space    used 7180K, capacity 7515K, committed 7552K, reserved 1048576K
}
Event: 261.475 GC heap before
{Heap before GC invocations=16 (full 2):
 PSYoungGen      total 92672K, used 92671K [0x00000000e0000000, 0x00000000e8000000, 0x0000000100000000)
  eden space 78336K, 100% used [0x00000000e0000000,0x00000000e4c80000,0x00000000e4c80000)
  from space 14336K, 99% used [0x00000000e4c80000,0x00000000e5a7fe28,0x00000000e5a80000)
  to   space 17920K, 0% used [0x00000000e6e80000,0x00000000e6e80000,0x00000000e8000000)
 ParOldGen       total 111104K, used 23452K [0x00000000a0000000, 0x00000000a6c80000, 0x00000000e0000000)
  object space 111104K, 21% used [0x00000000a0000000,0x00000000a16e7040,0x00000000a6c80000)
 Metaspace       used 55782K, capacity 57428K, committed 57600K, reserved 1099776K
  class space    used 7350K, capacity 7673K, committed 7680K, reserved 1048576K
Event: 261.637 GC heap after
Heap after GC invocations=16 (full 2):
 PSYoungGen      total 110592K, used 17901K [0x00000000e0000000, 0x00000000e8280000, 0x0000000100000000)
  eden space 92672K, 0% used [0x00000000e0000000,0x00000000e0000000,0x00000000e5a80000)
  from space 17920K, 99% used [0x00000000e6e80000,0x00000000e7ffb778,0x00000000e8000000)
  to   space 20480K, 0% used [0x00000000e5a80000,0x00000000e5a80000,0x00000000e6e80000)
 ParOldGen       total 111104K, used 23578K [0x00000000a0000000, 0x00000000a6c80000, 0x00000000e0000000)
  object space 111104K, 21% used [0x00000000a0000000,0x00000000a17069b0,0x00000000a6c80000)
 Metaspace       used 55782K, capacity 57428K, committed 57600K, reserved 1099776K
  class space    used 7350K, capacity 7673K, committed 7680K, reserved 1048576K
}
Event: 266.279 GC heap before
{Heap before GC invocations=17 (full 2):
 PSYoungGen      total 110592K, used 59320K [0x00000000e0000000, 0x00000000e8280000, 0x0000000100000000)
  eden space 92672K, 44% used [0x00000000e0000000,0x00000000e2872c60,0x00000000e5a80000)
  from space 17920K, 99% used [0x00000000e6e80000,0x00000000e7ffb778,0x00000000e8000000)
  to   space 20480K, 0% used [0x00000000e5a80000,0x00000000e5a80000,0x00000000e6e80000)
 ParOldGen       total 111104K, used 23578K [0x00000000a0000000, 0x00000000a6c80000, 0x00000000e0000000)
  object space 111104K, 21% used [0x00000000a0000000,0x00000000a17069b0,0x00000000a6c80000)
 Metaspace       used 57357K, capacity 59038K, committed 59136K, reserved 1099776K
  class space    used 7553K, capacity 7876K, committed 7936K, reserved 1048576K
Event: 266.346 GC heap after
Heap after GC invocations=17 (full 2):
 PSYoungGen      total 113152K, used 20479K [0x00000000e0000000, 0x00000000e9d00000, 0x0000000100000000)
  eden space 92672K, 0% used [0x00000000e0000000,0x00000000e0000000,0x00000000e5a80000)
  from space 20480K, 99% used [0x00000000e5a80000,0x00000000e6e7fe58,0x00000000e6e80000)
  to   space 24064K, 0% used [0x00000000e8580000,0x00000000e8580000,0x00000000e9d00000)
 ParOldGen       total 111104K, used 26106K [0x00000000a0000000, 0x00000000a6c80000, 0x00000000e0000000)
  object space 111104K, 23% used [0x00000000a0000000,0x00000000a197e9e8,0x00000000a6c80000)
 Metaspace       used 57357K, capacity 59038K, committed 59136K, reserved 1099776K
  class space    used 7553K, capacity 7876K, committed 7936K, reserved 1048576K
}
Event: 266.346 GC heap before
{Heap before GC invocations=18 (full 3):
 PSYoungGen      total 113152K, used 20479K [0x00000000e0000000, 0x00000000e9d00000, 0x0000000100000000)
  eden space 92672K, 0% used [0x00000000e0000000,0x00000000e0000000,0x00000000e5a80000)
  from space 20480K, 99% used [0x00000000e5a80000,0x00000000e6e7fe58,0x00000000e6e80000)
  to   space 24064K, 0% used [0x00000000e8580000,0x00000000e8580000,0x00000000e9d00000)
 ParOldGen       total 111104K, used 26106K [0x00000000a0000000, 0x00000000a6c80000, 0x00000000e0000000)
  object space 111104K, 23% used [0x00000000a0000000,0x00000000a197e9e8,0x00000000a6c80000)
 Metaspace       used 57357K, capacity 59038K, committed 59136K, reserved 1099776K
  class space    used 7553K, capacity 7876K, committed 7936K, reserved 1048576K

Deoptimization events (10 events):
Event: 52.375 Thread 0x0000000059130800 Uncommon trap: reason=unstable_if action=reinterpret pc=0x00000000038b3f30 method=java.nio.Buffer.limit(I)Ljava/nio/Buffer; @ 33
Event: 52.411 Thread 0x0000000058829000 Uncommon trap: reason=unstable_if action=reinterpret pc=0x0000000003c61818 method=com.esotericsoftware.kryo.io.Input.require(I)I @ 117
Event: 258.384 Thread 0x0000000059132000 Uncommon trap: reason=bimorphic action=maybe_recompile pc=0x0000000002b756a8 method=java.io.DataInputStream.readChar()C @ 4
Event: 258.414 Thread 0x0000000059131000 Uncommon trap: reason=unstable_if action=reinterpret pc=0x0000000003d067c8 method=java.util.concurrent.locks.AbstractQueuedSynchronizer$ConditionObject.addConditionWaiter()Ljava/util/concurrent/locks/AbstractQueuedSynchronizer$Node; @ 15
Event: 260.536 Thread 0x0000000059134000 Uncommon trap: reason=null_check action=make_not_entrant pc=0x0000000003cd6794 method=sun.nio.fs.NativeBuffers.getNativeBufferFromCache(I)Lsun/nio/fs/NativeBuffer; @ 6
Event: 260.536 Thread 0x0000000059134000 Uncommon trap: reason=null_check action=make_not_entrant pc=0x0000000003cd6ed8 method=sun.nio.fs.NativeBuffers.releaseNativeBuffer(Lsun/nio/fs/NativeBuffer;)V @ 6
Event: 264.192 Thread 0x0000000059134000 Uncommon trap: reason=class_check action=maybe_recompile pc=0x0000000002e1190c method=java.util.concurrent.ConcurrentHashMap.putVal(Ljava/lang/Object;Ljava/lang/Object;Z)Ljava/lang/Object; @ 192
Event: 264.518 Thread 0x0000000059134000 Uncommon trap: reason=unstable_if action=reinterpret pc=0x0000000003cd1bb8 method=com.google.common.collect.MapMakerInternalMap$Segment.getEntry(Ljava/lang/Object;I)Lcom/google/common/collect/MapMakerInternalMap$ReferenceEntry; @ 40
Event: 265.843 Thread 0x0000000059134000 Uncommon trap: reason=null_assert action=make_not_entrant pc=0x0000000002a67c34 method=com.google.common.cache.LocalCache.processPendingNotifications()V @ 9
Event: 266.028 Thread 0x0000000059134000 Uncommon trap: reason=unstable_if action=reinterpret pc=0x0000000003cce0f4 method=org.gradle.api.internal.file.pattern.PatternMatcherFactory$PathMatcherBackedSpec.isSatisfiedBy(Lorg/gradle/api/file/RelativePath;)Z @ 11

Internal exceptions (10 events):
Event: 260.833 Thread 0x0000000059134000 Exception <a 'sun/nio/fs/WindowsException'> (0x00000000e4555ee0) thrown at [C:\src\android\AOSP-openjdk\external\jetbrains\jdk\hotspot\src\share\vm\prims\jni.cpp, line 709]
Event: 260.834 Thread 0x0000000059134000 Exception <a 'sun/nio/fs/WindowsException'> (0x00000000e4556a60) thrown at [C:\src\android\AOSP-openjdk\external\jetbrains\jdk\hotspot\src\share\vm\prims\jni.cpp, line 709]
Event: 260.834 Thread 0x0000000059134000 Exception <a 'sun/nio/fs/WindowsException'> (0x00000000e45595c8) thrown at [C:\src\android\AOSP-openjdk\external\jetbrains\jdk\hotspot\src\share\vm\prims\jni.cpp, line 709]
Event: 260.834 Thread 0x0000000059134000 Exception <a 'sun/nio/fs/WindowsException'> (0x00000000e455a1e8) thrown at [C:\src\android\AOSP-openjdk\external\jetbrains\jdk\hotspot\src\share\vm\prims\jni.cpp, line 709]
Event: 260.834 Thread 0x0000000059134000 Exception <a 'sun/nio/fs/WindowsException'> (0x00000000e455be50) thrown at [C:\src\android\AOSP-openjdk\external\jetbrains\jdk\hotspot\src\share\vm\prims\jni.cpp, line 709]
Event: 260.834 Thread 0x0000000059134000 Exception <a 'sun/nio/fs/WindowsException'> (0x00000000e455caa8) thrown at [C:\src\android\AOSP-openjdk\external\jetbrains\jdk\hotspot\src\share\vm\prims\jni.cpp, line 709]
Event: 260.835 Thread 0x0000000059134000 Exception <a 'sun/nio/fs/WindowsException'> (0x00000000e455f888) thrown at [C:\src\android\AOSP-openjdk\external\jetbrains\jdk\hotspot\src\share\vm\prims\jni.cpp, line 709]
Event: 260.835 Thread 0x0000000059134000 Exception <a 'sun/nio/fs/WindowsException'> (0x00000000e45604d8) thrown at [C:\src\android\AOSP-openjdk\external\jetbrains\jdk\hotspot\src\share\vm\prims\jni.cpp, line 709]
Event: 260.836 Thread 0x0000000059134000 Exception <a 'sun/nio/fs/WindowsException'> (0x00000000e4562168) thrown at [C:\src\android\AOSP-openjdk\external\jetbrains\jdk\hotspot\src\share\vm\prims\jni.cpp, line 709]
Event: 260.836 Thread 0x0000000059134000 Exception <a 'sun/nio/fs/WindowsException'> (0x00000000e4562df0) thrown at [C:\src\android\AOSP-openjdk\external\jetbrains\jdk\hotspot\src\share\vm\prims\jni.cpp, line 709]

Events (10 events):
Event: 266.276 loading class com/sun/tools/javac/util/Name done
Event: 266.276 loading class javax/lang/model/element/Name
Event: 266.276 loading class javax/lang/model/element/Name done
Event: 266.276 loading class com/sun/tools/javac/util/UnsharedNameTable$NameImpl
Event: 266.276 loading class com/sun/tools/javac/util/UnsharedNameTable$NameImpl done
Event: 266.277 loading class com/sun/tools/javac/util/UnsharedNameTable$HashEntry
Event: 266.277 loading class com/sun/tools/javac/util/UnsharedNameTable$HashEntry done
Event: 266.277 loading class com/sun/tools/javac/util/Convert
Event: 266.277 loading class com/sun/tools/javac/util/Convert done
Event: 266.279 Executing VM operation: CollectForMetadataAllocation


Dynamic libraries:
0x000000013f5b0000 - 0x000000013f5e1000 	C:\Program Files\Android\Android Studio2\jre\bin\java.exe
0x0000000077820000 - 0x00000000779c9000 	C:\Windows\SYSTEM32\ntdll.dll
0x0000000077700000 - 0x000000007781f000 	C:\Windows\system32\kernel32.dll
0x000007fefdd30000 - 0x000007fefdd9c000 	C:\Windows\system32\KERNELBASE.dll
0x000007fefe050000 - 0x000007fefe12b000 	C:\Windows\system32\ADVAPI32.dll
0x000007feff800000 - 0x000007feff89f000 	C:\Windows\system32\msvcrt.dll
0x000007feff7e0000 - 0x000007feff7ff000 	C:\Windows\SYSTEM32\sechost.dll
0x000007feff5d0000 - 0x000007feff6fd000 	C:\Windows\system32\RPCRT4.dll
0x0000000077600000 - 0x00000000776fa000 	C:\Windows\system32\USER32.dll
0x000007fefe620000 - 0x000007fefe687000 	C:\Windows\system32\GDI32.dll
0x000007feff700000 - 0x000007feff70e000 	C:\Windows\system32\LPK.dll
0x000007fefe280000 - 0x000007fefe349000 	C:\Windows\system32\USP10.dll
0x000007fefc6a0000 - 0x000007fefc894000 	C:\Windows\WinSxS\amd64_microsoft.windows.common-controls_6595b64144ccf1df_6.0.7601.17514_none_fa396087175ac9ac\COMCTL32.dll
0x000007feff550000 - 0x000007feff5c1000 	C:\Windows\system32\SHLWAPI.dll
0x000007feff7b0000 - 0x000007feff7de000 	C:\Windows\system32\IMM32.DLL
0x000007feff440000 - 0x000007feff549000 	C:\Windows\system32\MSCTF.dll
0x000000006f420000 - 0x000000006f4f2000 	C:\Program Files\Android\Android Studio2\jre\jre\bin\msvcr100.dll
0x000000005dde0000 - 0x000000005e61c000 	C:\Program Files\Android\Android Studio2\jre\jre\bin\server\jvm.dll
0x000007fefaae0000 - 0x000007fefaae9000 	C:\Windows\system32\WSOCK32.dll
0x000007fefe230000 - 0x000007fefe27d000 	C:\Windows\system32\WS2_32.dll
0x000007fefe430000 - 0x000007fefe438000 	C:\Windows\system32\NSI.dll
0x000007fefab30000 - 0x000007fefab6b000 	C:\Windows\system32\WINMM.dll
0x000007fefccd0000 - 0x000007fefccdc000 	C:\Windows\system32\VERSION.dll
0x00000000779e0000 - 0x00000000779e7000 	C:\Windows\system32\PSAPI.DLL
0x000007fefbe50000 - 0x000007fefbe5f000 	C:\Program Files\Android\Android Studio2\jre\jre\bin\verify.dll
0x000007fefbe20000 - 0x000007fefbe49000 	C:\Program Files\Android\Android Studio2\jre\jre\bin\java.dll
0x000007fefbe00000 - 0x000007fefbe16000 	C:\Program Files\Android\Android Studio2\jre\jre\bin\zip.dll
0x000007fefe690000 - 0x000007feff418000 	C:\Windows\system32\SHELL32.dll
0x000007feff920000 - 0x000007feffb23000 	C:\Windows\system32\ole32.dll
0x000007fefdc80000 - 0x000007fefdc8f000 	C:\Windows\system32\profapi.dll
0x000007fefbde0000 - 0x000007fefbdfa000 	C:\Program Files\Android\Android Studio2\jre\jre\bin\net.dll
0x000007fefd470000 - 0x000007fefd4c5000 	C:\Windows\system32\mswsock.dll
0x000007fefd460000 - 0x000007fefd467000 	C:\Windows\System32\wship6.dll
0x000007fefbdc0000 - 0x000007fefbdd1000 	C:\Program Files\Android\Android Studio2\jre\jre\bin\nio.dll
0x000007fefbbf0000 - 0x000007fefbc0e000 	C:\Users\Olesia\.gradle\native\23\windows-amd64\native-platform.dll
0x000007fefd4d0000 - 0x000007fefd4e7000 	C:\Windows\system32\CRYPTSP.dll
0x000007fefd1d0000 - 0x000007fefd217000 	C:\Windows\system32\rsaenh.dll
0x000007fefcf50000 - 0x000007fefcf6e000 	C:\Windows\system32\USERENV.dll
0x000007fefdbb0000 - 0x000007fefdbbf000 	C:\Windows\system32\CRYPTBASE.dll
0x000007fefbb50000 - 0x000007fefbb77000 	C:\Windows\system32\IPHLPAPI.DLL
0x000007fefbb30000 - 0x000007fefbb3b000 	C:\Windows\system32\WINNSI.DLL
0x000007fefb990000 - 0x000007fefb9a8000 	C:\Windows\system32\dhcpcsvc.DLL
0x000007fefb840000 - 0x000007fefb851000 	C:\Windows\system32\dhcpcsvc6.DLL
0x000007fefbdb0000 - 0x000007fefbdbd000 	C:\Program Files\Android\Android Studio2\jre\jre\bin\management.dll
0x000007fefdb50000 - 0x000007fefdba7000 	C:\Windows\system32\apphelp.dll
0x000007fef9840000 - 0x000007fef9864000 	C:\Program Files\Android\Android Studio2\jre\jre\bin\sunec.dll
0x000007fefcda0000 - 0x000007fefcda7000 	C:\Windows\System32\wshtcpip.dll
0x000007fefd2f0000 - 0x000007fefd34b000 	C:\Windows\system32\DNSAPI.dll
0x00000000716c0000 - 0x00000000716e6000 	C:\Program Files\Bonjour\mdnsNSP.dll
0x000007fef7ec0000 - 0x000007fef7ec8000 	C:\Windows\system32\rasadhlp.dll
0x000007fefb9e0000 - 0x000007fefba33000 	C:\Windows\System32\fwpuclnt.dll
0x000007fefba40000 - 0x000007fefba4b000 	C:\Program Files\Android\Android Studio2\jre\jre\bin\sunmscapi.dll
0x000007fefde60000 - 0x000007fefdfc7000 	C:\Windows\system32\CRYPT32.dll
0x000007fefdd20000 - 0x000007fefdd2f000 	C:\Windows\system32\MSASN1.dll
0x000007fef9030000 - 0x000007fef9155000 	C:\Windows\system32\dbghelp.dll

VM Arguments:
jvm_args: -Xmx1536m -Dfile.encoding=windows-1251 -Duser.country=RU -Duser.language=ru -Duser.variant 
java_command: org.gradle.launcher.daemon.bootstrap.GradleDaemon 3.3
java_class_path (initial): C:\Users\Olesia\.gradle\wrapper\dists\gradle-3.3-all\55gk2rcmfc6p2dg9u9ohc3hw9\gradle-3.3\lib\gradle-launcher-3.3.jar
Launcher Type: SUN_STANDARD

Environment Variables:
JAVA_HOME=C:\Program Files\Java\jdk1.8.0_111
PATH=C:\ProgramData\Oracle\Java\javapath;C:\Program Files (x86)\Common Files\Intel\Shared Files\cpp\bin\Intel64;C:\Users\Serg\algs4\java\bin;C:\Program Files (x86)\NVIDIA Corporation\PhysX\Common;C:\Windows\system32;C:\Windows;C:\Windows\System32\Wbem;C:\Windows\System32\WindowsPowerShell\v1.0\;C:\Program Files (x86)\Microsoft SQL Server\90\Tools\binn\;C:\Program Files (x86)\Common Files\Acronis\SnapAPI\;C:\Program Files (x86)\GtkSharp\2.12\bin;C:\Program Files\Microsoft\Web Platform Installer\;C:\Program Files (x86)\Microsoft ASP.NET\ASP.NET Web Pages\v1.0\;C:\Program Files\Microsoft SQL Server\110\Tools\Binn\;C:\Program Files (x86)\Git\cmd;C:\Program Files\Java\jdk1.8.0_111\bin
USERNAME=Olesia
OS=Windows_NT
PROCESSOR_IDENTIFIER=Intel64 Family 6 Model 23 Stepping 10, GenuineIntel



---------------  S Y S T E M  ---------------

OS: Windows 7 , 64 bit Build 7601 (6.1.7601.17651)

CPU:total 2 (2 cores per cpu, 1 threads per core) family 6 model 23 stepping 10, cmov, cx8, fxsr, mmx, sse, sse2, sse3, ssse3, tsc

Memory: 4k page, physical 8352696k(1800376k free), swap 10369956k(2307964k free)

vm_info: OpenJDK 64-Bit Server VM (25.112-b06) for windows-amd64 JRE (1.8.0_112-release-b06), built on Dec  8 2016 00:54:26 by "builder" with MS VC++ 10.0 (VS2010)

time: Thu Aug 10 10:57:45 2017
elapsed time: 267 seconds (0d 0h 4m 27s)

